  pepe.cpp
D:\OneDrive\OneDrive - Universidad Autonoma de Nuevo León\School stuff\Facultad\5 semestre\Estructura de datos\EstrucutraProyecto2.0\EstructuraProyecto2.0\EstructuraProyecto2.0\pepe.cpp(109,19): error C2664: 'HWND CreateDialogParamA(HINSTANCE,LPCSTR,HWND,DLGPROC,LPARAM)': cannot convert argument 4 from 'BOOL (__cdecl *)(HWND,UINT,WPARAM,LPARAM)' to 'DLGPROC'
D:\OneDrive\OneDrive - Universidad Autonoma de Nuevo León\School stuff\Facultad\5 semestre\Estructura de datos\EstrucutraProyecto2.0\EstructuraProyecto2.0\EstructuraProyecto2.0\pepe.cpp(109,19): message : None of the functions with this name in scope match the target type
C:\Program Files (x86)\Windows Kits\10\Include\10.0.22000.0\um\winuser.h(4989,1): message : see declaration of 'CreateDialogParamA'
D:\OneDrive\OneDrive - Universidad Autonoma de Nuevo León\School stuff\Facultad\5 semestre\Estructura de datos\EstrucutraProyecto2.0\EstructuraProyecto2.0\EstructuraProyecto2.0\pepe.cpp(109,19): message : while trying to match the argument list '(HINSTANCE, LPSTR, int, overloaded-function, long)'
D:\OneDrive\OneDrive - Universidad Autonoma de Nuevo León\School stuff\Facultad\5 semestre\Estructura de datos\EstrucutraProyecto2.0\EstructuraProyecto2.0\EstructuraProyecto2.0\pepe.cpp(146,4): error C2664: 'INT_PTR DialogBoxParamA(HINSTANCE,LPCSTR,HWND,DLGPROC,LPARAM)': cannot convert argument 4 from 'BOOL (__cdecl *)(HWND,UINT,WPARAM,LPARAM)' to 'DLGPROC'
D:\OneDrive\OneDrive - Universidad Autonoma de Nuevo León\School stuff\Facultad\5 semestre\Estructura de datos\EstrucutraProyecto2.0\EstructuraProyecto2.0\EstructuraProyecto2.0\pepe.cpp(146,4): message : None of the functions with this name in scope match the target type
C:\Program Files (x86)\Windows Kits\10\Include\10.0.22000.0\um\winuser.h(5057,1): message : see declaration of 'DialogBoxParamA'
D:\OneDrive\OneDrive - Universidad Autonoma de Nuevo León\School stuff\Facultad\5 semestre\Estructura de datos\EstrucutraProyecto2.0\EstructuraProyecto2.0\EstructuraProyecto2.0\pepe.cpp(146,4): message : while trying to match the argument list '(HINSTANCE, LPSTR, HWND, overloaded-function, long)'
D:\OneDrive\OneDrive - Universidad Autonoma de Nuevo León\School stuff\Facultad\5 semestre\Estructura de datos\EstrucutraProyecto2.0\EstructuraProyecto2.0\EstructuraProyecto2.0\pepe.cpp(170,5): error C2664: 'INT_PTR DialogBoxParamA(HINSTANCE,LPCSTR,HWND,DLGPROC,LPARAM)': cannot convert argument 4 from 'BOOL (__cdecl *)(HWND,UINT,WPARAM,LPARAM)' to 'DLGPROC'
D:\OneDrive\OneDrive - Universidad Autonoma de Nuevo León\School stuff\Facultad\5 semestre\Estructura de datos\EstrucutraProyecto2.0\EstructuraProyecto2.0\EstructuraProyecto2.0\pepe.cpp(170,5): message : None of the functions with this name in scope match the target type
C:\Program Files (x86)\Windows Kits\10\Include\10.0.22000.0\um\winuser.h(5057,1): message : see declaration of 'DialogBoxParamA'
D:\OneDrive\OneDrive - Universidad Autonoma de Nuevo León\School stuff\Facultad\5 semestre\Estructura de datos\EstrucutraProyecto2.0\EstructuraProyecto2.0\EstructuraProyecto2.0\pepe.cpp(170,5): message : while trying to match the argument list '(HINSTANCE, LPSTR, HWND, overloaded-function, long)'
D:\OneDrive\OneDrive - Universidad Autonoma de Nuevo León\School stuff\Facultad\5 semestre\Estructura de datos\EstrucutraProyecto2.0\EstructuraProyecto2.0\EstructuraProyecto2.0\pepe.cpp(183,82): error C2065: 'GWL_WNDPROC': undeclared identifier
D:\OneDrive\OneDrive - Universidad Autonoma de Nuevo León\School stuff\Facultad\5 semestre\Estructura de datos\EstrucutraProyecto2.0\EstructuraProyecto2.0\EstructuraProyecto2.0\pepe.cpp(183,123): warning C4311: 'type cast': pointer truncation from 'LRESULT (__cdecl *)(HWND,UINT,WPARAM,LPARAM)' to 'LONG'
D:\OneDrive\OneDrive - Universidad Autonoma de Nuevo León\School stuff\Facultad\5 semestre\Estructura de datos\EstrucutraProyecto2.0\EstructuraProyecto2.0\EstructuraProyecto2.0\pepe.cpp(183,123): warning C4302: 'type cast': truncation from 'LRESULT (__cdecl *)(HWND,UINT,WPARAM,LPARAM)' to 'LONG'
D:\OneDrive\OneDrive - Universidad Autonoma de Nuevo León\School stuff\Facultad\5 semestre\Estructura de datos\EstrucutraProyecto2.0\EstructuraProyecto2.0\EstructuraProyecto2.0\pepe.cpp(211,5): error C2664: 'INT_PTR DialogBoxParamA(HINSTANCE,LPCSTR,HWND,DLGPROC,LPARAM)': cannot convert argument 4 from 'BOOL (__cdecl *)(HWND,UINT,WPARAM,LPARAM)' to 'DLGPROC'
D:\OneDrive\OneDrive - Universidad Autonoma de Nuevo León\School stuff\Facultad\5 semestre\Estructura de datos\EstrucutraProyecto2.0\EstructuraProyecto2.0\EstructuraProyecto2.0\pepe.cpp(211,5): message : None of the functions with this name in scope match the target type
C:\Program Files (x86)\Windows Kits\10\Include\10.0.22000.0\um\winuser.h(5057,1): message : see declaration of 'DialogBoxParamA'
D:\OneDrive\OneDrive - Universidad Autonoma de Nuevo León\School stuff\Facultad\5 semestre\Estructura de datos\EstrucutraProyecto2.0\EstructuraProyecto2.0\EstructuraProyecto2.0\pepe.cpp(211,5): message : while trying to match the argument list '(HINSTANCE, LPSTR, HWND, overloaded-function, long)'
